              _______           _______  _______ 
    │\     /│(  ___  )│\     /│(  ___  )(  ____ \
    │ )   ( ││ (   ) ││ )   ( ││ (   ) ││ (    \/
    │ (___) ││ (___) ││ │   │ ││ │   │ ││ │      
    │  ___  ││  ___  │( (   ) )│ │   │ ││ │      
    │ (   ) ││ (   ) │ \ \_/ / │ │   │ ││ │      
    │ )   ( ││ )   ( │  \   /  │ (___) ││ (____/\
    │/     \││/     \│   \_/   (_______)(_______/

  	 pwn and elevate until it's done

[22:44:04] [DBUG] [cmd.init.func2:59]: Debug mode enabled
[22:44:04] [INFO] Havoc Framework [Version: 0.7] [CodeName: Bites The Dust]
[22:44:04] [INFO] Havoc profile: ./profiles/havoc.yaotl
[22:44:04] [INFO] Build: 
 - Compiler x64 : /usr/sbin/x86_64-w64-mingw32-gcc
 - Compiler x86 : /usr/sbin/i686-w64-mingw32-gcc
 - Nasm         : /usr/sbin/nasm
[22:44:04] [INFO] Time: 23/06/2026 22:44:04
[22:44:04] [INFO] Teamserver logs saved under: data/loot/2026.06.23._22:44:04
[22:44:04] [DBUG] [server.(*Teamserver).Start:54]: Starting teamserver...
[22:44:04] [INFO] Starting Teamserver on wss://0.0.0.0:40056
[22:44:04] [INFO] [SERVICE] starting service handle on wss://0.0.0.0:40056/service-endpoint
[22:44:04] [INFO] Opens existing database: data/teamserver.db
[22:44:04] [DBUG] [certs.HTTPSGenerateRSACertificate:301]: Generating TLS certificate (RSA) for '0.0.0.0' ...
[22:44:04] [DBUG] [server.(*Teamserver).Start:493]: Wait til the server shutdown
[22:44:04] [DBUG] [certs.generateCertificate:223]: Valid from 2026-01-22 22:44:04.381211575 +0000 UTC to 2029-01-21 22:44:04.381211575 +0000 UTC
[22:44:04] [DBUG] [certs.generateCertificate:228]: Serial Number: 220448218111041563439435361388111425855
[22:44:04] [DBUG] [certs.generateCertificate:234]: Authority certificate
[22:44:04] [DBUG] [certs.generateCertificate:247]: ExtKeyUsage = [serverAuth clientAuth]
[22:44:04] [DBUG] [certs.generateCertificate:263]: Certificate authenticates IP address: 0.0.0.0
[22:44:04] [DBUG] [certs.generateCertificate:278]: Certificate is an AUTHORITY
